apps/vst_studio/app/build/outputs/logs/manifest-merger-debug-report.txt
-- Merging decision tree log ---
manifest
ADDED from src\main\AndroidManifest.xml:2:1-44:12
	package
		ADDED from src\main\AndroidManifest.xml:3:5-32
		INJECTED from src\main\AndroidManifest.xml
		INJECTED from src\main\AndroidManifest.xml
	android:versionName
		ADDED from src\main\AndroidManifest.xml:5:5-30
		INJECTED from src\main\AndroidManifest.xml
		INJECTED from src\main\AndroidManifest.xml
	android:versionCode
		ADDED from src\main\AndroidManifest.xml:4:5-28
		INJECTED from src\main\AndroidManifest.xml
		INJECTED from src\main\AndroidManifest.xml
	xmlns:android
		ADDED from src\main\AndroidManifest.xml:2:11-69
uses-sdk
ADDED from src\main\AndroidManifest.xml:7:5-9:41
	android:targetSdkVersion
		ADDED from src\main\AndroidManifest.xml:9:9-38
		INJECTED from src\main\AndroidManifest.xml
		INJECTED from src\main\AndroidManifest.xml
	android:minSdkVersion
		ADDED from src\main\AndroidManifest.xml:8:9-34
		INJECTED from src\main\AndroidManifest.xml
		INJECTED from src\main\AndroidManifest.xml
uses-permission#android.permission.RECORD_AUDIO
ADDED from src\main\AndroidManifest.xml:10:5-70
	android:name
		ADDED from src\main\AndroidManifest.xml:10:22-68
uses-permission#android.permission.WRITE_EXTERNAL_STORAGE
ADDED from src\main\AndroidManifest.xml:11:5-80
	android:name
		ADDED from src\main\AndroidManifest.xml:11:22-78
application
ADDED from src\main\AndroidManifest.xml:13:5-42:19
	android:label
		ADDED from src\main\AndroidManifest.xml:16:9-41
	android:allowBackup
		ADDED from src\main\AndroidManifest.xml:14:9-35
	android:icon
		ADDED from src\main\AndroidManifest.xml:15:9-45
	android:theme
		ADDED from src\main\AndroidManifest.xml:17:9-56
activity#edu.voicelabs.vst.StartActivity
ADDED from src\main\AndroidManifest.xml:18:9-27:20
	android:screenOrientation
		ADDED from src\main\AndroidManifest.xml:21:13-50
	android:label
		ADDED from src\main\AndroidManifest.xml:20:13-45
	android:name
		ADDED from src\main\AndroidManifest.xml:19:13-59
intent-filter#android.intent.action.MAIN+android.intent.category.LAUNCHER
ADDED from src\main\AndroidManifest.xml:22:13-26:29
action#android.intent.action.MAIN
ADDED from src\main\AndroidManifest.xml:23:17-69
	android:name
		ADDED from src\main\AndroidManifest.xml:23:25-66
category#android.intent.category.LAUNCHER
ADDED from src\main\AndroidManifest.xml:25:17-77
	android:name
		ADDED from src\main\AndroidManifest.xml:25:27-74
activity#edu.voicelabs.vst.DebugScreenActivity
ADDED from src\main\AndroidManifest.xml:28:9-31:20
	android:screenOrientation
		ADDED from src\main\AndroidManifest.xml:29:13-50
	android:name
		ADDED from src\main\AndroidManifest.xml:28:19-53
activity#edu.voicelabs.vst.PhonemeSelectActivity
ADDED from src\main\AndroidManifest.xml:32:9-105
	android:screenOrientation
		ADDED from src\main\AndroidManifest.xml:32:56-93
	android:name
		ADDED from src\main\AndroidManifest.xml:32:19-55
activity#edu.voicelabs.vst.PhonemeGameActivity
ADDED from src\main\AndroidManifest.xml:33:9-103
	android:screenOrientation
		ADDED from src\main\AndroidManifest.xml:33:54-91
	android:name
		ADDED from src\main\AndroidManifest.xml:33:19-53
activity#edu.voicelabs.vst.LessonProgressActivity
ADDED from src\main\AndroidManifest.xml:34:9-106
	android:screenOrientation
		ADDED from src\main\AndroidManifest.xml:34:57-94
	android:name
		ADDED from src\main\AndroidManifest.xml:34:19-56
activity#edu.voicelabs.vst.SyllableGameActivity
ADDED from src\main\AndroidManifest.xml:35:9-104
	android:screenOrientation
		ADDED from src\main\AndroidManifest.xml:35:55-92
	android:name
		ADDED from src\main\AndroidManifest.xml:35:19-54
activity#edu.voicelabs.vst.WordGameActivity
ADDED from src\main\AndroidManifest.xml:36:9-100
	android:screenOrientation
		ADDED from src\main\AndroidManifest.xml:36:51-88
	android:name
		ADDED from src\main\AndroidManifest.xml:36:19-50
activity#edu.voicelabs.vst.ChooseGameActivity
ADDED from src\main\AndroidManifest.xml:37:9-102
	android:screenOrientation
		ADDED from src\main\AndroidManifest.xml:37:53-90
	android:name
		ADDED from src\main\AndroidManifest.xml:37:19-52
activity#edu.voicelabs.vst.LessonCompleteActivity
ADDED from src\main\AndroidManifest.xml:38:9-106
	android:screenOrientation
		ADDED from src\main\AndroidManifest.xml:38:57-94
	android:name
		ADDED from src\main\AndroidManifest.xml:38:19-56
activity#edu.voicelabs.vst.TutorialActivity
ADDED from src\main\AndroidManifest.xml:39:9-100
	android:screenOrientation
		ADDED from src\main\AndroidManifest.xml:39:51-88
	android:name
		ADDED from src\main\AndroidManifest.xml:39:19-50
activity#edu.voicelabs.vst.TutorialVideo
ADDED from src\main\AndroidManifest.xml:40:9-97
	android:screenOrientation
		ADDED from src\main\AndroidManifest.xml:40:48-85
	android:name
		ADDED from src\main\AndroidManifest.xml:40:19-47
activity#edu.voicelabs.vst.SettingsActivity
ADDED from src\main\AndroidManifest.xml:41:9-62
	android:name
		ADDED from src\main\AndroidManifest.xml:41:19-50